get_input: Raw key code = -1
get_input: Key -1 did not match any direction, returning None
handle_input: Got None from get_input
get_input: Raw key code = -1
get_input: Key -1 did not match any direction, returning None
handle_input: Got None from get_input
get_input: Raw key code = -1
get_input: Key -1 did not match any direction, returning None
handle_input: Got None from get_input
get_input: Raw key code = -1
get_input: Key -1 did not match any direction, returning None
handle_input: Got None from get_input
get_input: Raw key code = -1
get_input: Key -1 did not match any direction, returning None
handle_input: Got None from get_input
get_input: Raw key code = -1
get_input: Key -1 did not match any direction, returning None
handle_input: Got None from get_input
get_input: Raw key code = -1
get_input: Key -1 did not match any direction, returning None
handle_input: Got None from get_input
get_input: Raw key code = -1
get_input: Key -1 did not match any direction, returning None
handle_input: Got None from get_input
get_input: Raw key code = -1
get_input: Key -1 did not match any direction, returning None
handle_input: Got None from get_input
get_input: Raw key code = -1
get_input: Key -1 did not match any direction, returning None
handle_input: Got None from get_input
get_input: Raw key code = -1
get_input: Key -1 did not match any direction, returning None
handle_input: Got None from get_input
get_input: Raw key code = -1
get_input: Key -1 did not match any direction, returning None
handle_input: Got None from get_input
get_input: Raw key code = -1
get_input: Key -1 did not match any direction, returning None
handle_input: Got None from get_input
get_input: Raw key code = -1
get_input: Key -1 did not match any direction, returning None
handle_input: Got None from get_input
get_input: Raw key code = 119
get_input: Recognized key = 119, char = w
get_input: Returning Direction.UP (W key)
handle_input: Input received: Direction.UP, status: GameStatus.PLAYING
handle_input: Quitting game
get_input: Raw key code = -1
get_input: Key -1 did not match any direction, returning None
handle_input: Got None from get_input
get_input: Raw key code = -1
get_input: Key -1 did not match any direction, returning None
handle_input: Got None from get_input
get_input: Raw key code = -1
get_input: Key -1 did not match any direction, returning None
handle_input: Got None from get_input
get_input: Raw key code = -1
get_input: Key -1 did not match any direction, returning None
handle_input: Got None from get_input
get_input: Raw key code = -1
get_input: Key -1 did not match any direction, returning None
handle_input: Got None from get_input
get_input: Raw key code = -1
get_input: Key -1 did not match any direction, returning None
handle_input: Got None from get_input
get_input: Raw key code = -1
get_input: Key -1 did not match any direction, returning None
handle_input: Got None from get_input
get_input: Raw key code = -1
get_input: Key -1 did not match any direction, returning None
handle_input: Got None from get_input
get_input: Raw key code = -1
get_input: Key -1 did not match any direction, returning None
handle_input: Got None from get_input
get_input: Raw key code = -1
get_input: Key -1 did not match any direction, returning None
handle_input: Got None from get_input
get_input: Raw key code = -1
get_input: Key -1 did not match any direction, returning None
handle_input: Got None from get_input
get_input: Raw key code = 115
get_input: Recognized key = 115, char = s
get_input: Returning Direction.DOWN (S key)
handle_input: Input received: Direction.DOWN, status: GameStatus.PLAYING
handle_input: Setting direction to Direction.DOWN
get_input: Raw key code = -1
get_input: Key -1 did not match any direction, returning None
handle_input: Got None from get_input
get_input: Raw key code = -1
get_input: Key -1 did not match any direction, returning None
handle_input: Got None from get_input
get_input: Raw key code = -1
get_input: Key -1 did not match any direction, returning None
handle_input: Got None from get_input
get_input: Raw key code = -1
get_input: Key -1 did not match any direction, returning None
handle_input: Got None from get_input
get_input: Raw key code = -1
get_input: Key -1 did not match any direction, returning None
handle_input: Got None from get_input
get_input: Raw key code = -1
get_input: Key -1 did not match any direction, returning None
handle_input: Got None from get_input
get_input: Raw key code = 97
get_input: Recognized key = 97, char = a
get_input: Returning Direction.LEFT (A key)
handle_input: Input received: Direction.LEFT, status: GameStatus.PLAYING
handle_input: Setting direction to Direction.LEFT
get_input: Raw key code = -1
get_input: Key -1 did not match any direction, returning None
handle_input: Got None from get_input
get_input: Raw key code = -1
get_input: Key -1 did not match any direction, returning None
handle_input: Got None from get_input
get_input: Raw key code = -1
get_input: Key -1 did not match any direction, returning None
handle_input: Got None from get_input
get_input: Raw key code = -1
get_input: Key -1 did not match any direction, returning None
handle_input: Got None from get_input
get_input: Raw key code = -1
get_input: Key -1 did not match any direction, returning None
handle_input: Got None from get_input
get_input: Raw key code = -1
get_input: Key -1 did not match any direction, returning None
handle_input: Got None from get_input
get_input: Raw key code = -1
get_input: Key -1 did not match any direction, returning None
handle_input: Got None from get_input
get_input: Raw key code = -1
get_input: Key -1 did not match any direction, returning None
handle_input: Got None from get_input
get_input: Raw key code = -1
get_input: Key -1 did not match any direction, returning None
handle_input: Got None from get_input
get_input: Raw key code = -1
get_input: Key -1 did not match any direction, returning None
handle_input: Got None from get_input
get_input: Raw key code = -1
get_input: Key -1 did not match any direction, returning None
handle_input: Got None from get_input
get_input: Raw key code = -1
get_input: Key -1 did not match any direction, returning None
handle_input: Got None from get_input
get_input: Raw key code = -1
get_input: Key -1 did not match any direction, returning None
handle_input: Got None from get_input
get_input: Raw key code = -1
get_input: Key -1 did not match any direction, returning None
handle_input: Got None from get_input
get_input: Raw key code = -1
get_input: Key -1 did not match any direction, returning None
handle_input: Got None from get_input
get_input: Raw key code = -1
get_input: Key -1 did not match any direction, returning None
handle_input: Got None from get_input
get_input: Raw key code = -1
get_input: Key -1 did not match any direction, returning None
handle_input: Got None from get_input
get_input: Raw key code = 119
get_input: Recognized key = 119, char = w
get_input: Returning Direction.UP (W key)
handle_input: Input received: Direction.UP, status: GameStatus.PLAYING
handle_input: Quitting game
get_input: Raw key code = -1
get_input: Key -1 did not match any direction, returning None
handle_input: Got None from get_input
get_input: Raw key code = -1
get_input: Key -1 did not match any direction, returning None
handle_input: Got None from get_input
get_input: Raw key code = -1
get_input: Key -1 did not match any direction, returning None
handle_input: Got None from get_input
get_input: Raw key code = -1
get_input: Key -1 did not match any direction, returning None
handle_input: Got None from get_input
get_input: Raw key code = -1
get_input: Key -1 did not match any direction, returning None
handle_input: Got None from get_input
get_input: Raw key code = -1
get_input: Key -1 did not match any direction, returning None
handle_input: Got None from get_input
get_input: Raw key code = -1
get_input: Key -1 did not match any direction, returning None
handle_input: Got None from get_input
get_input: Raw key code = -1
get_input: Key -1 did not match any direction, returning None
handle_input: Got None from get_input
get_input: Raw key code = -1
get_input: Key -1 did not match any direction, returning None
handle_input: Got None from get_input
get_input: Raw key code = -1
get_input: Key -1 did not match any direction, returning None
handle_input: Got None from get_input
get_input: Raw key code = -1
get_input: Key -1 did not match any direction, returning None
handle_input: Got None from get_input
get_input: Raw key code = -1
get_input: Key -1 did not match any direction, returning None
handle_input: Got None from get_input
get_input: Raw key code = -1
get_input: Key -1 did not match any direction, returning None
handle_input: Got None from get_input
get_input: Raw key code = -1
get_input: Key -1 did not match any direction, returning None
handle_input: Got None from get_input
get_input: Raw key code = -1
get_input: Key -1 did not match any direction, returning None
handle_input: Got None from get_input
get_input: Raw key code = -1
get_input: Key -1 did not match any direction, returning None
handle_input: Got None from get_input
get_input: Raw key code = -1
get_input: Key -1 did not match any direction, returning None
handle_input: Got None from get_input
get_input: Raw key code = -1
get_input: Key -1 did not match any direction, returning None
handle_input: Got None from get_input
get_input: Raw key code = -1
get_input: Key -1 did not match any direction, returning None
handle_input: Got None from get_input
get_input: Raw key code = -1
get_input: Key -1 did not match any direction, returning None
handle_input: Got None from get_input
get_input: Raw key code = -1
get_input: Key -1 did not match any direction, returning None
handle_input: Got None from get_input
get_input: Raw key code = -1
get_input: Key -1 did not match any direction, returning None
handle_input: Got None from get_input
get_input: Raw key code = -1
get_input: Key -1 did not match any direction, returning None
handle_input: Got None from get_input
get_input: Raw key code = 115
get_input: Recognized key = 115, char = s
get_input: Returning Direction.DOWN (S key)
handle_input: Input received: Direction.DOWN, status: GameStatus.PLAYING
handle_input: Setting direction to Direction.DOWN
get_input: Raw key code = -1
get_input: Key -1 did not match any direction, returning None
handle_input: Got None from get_input
get_input: Raw key code = -1
get_input: Key -1 did not match any direction, returning None
handle_input: Got None from get_input
get_input: Raw key code = -1
get_input: Key -1 did not match any direction, returning None
handle_input: Got None from get_input
get_input: Raw key code = -1
get_input: Key -1 did not match any direction, returning None
handle_input: Got None from get_input
get_input: Raw key code = -1
get_input: Key -1 did not match any direction, returning None
handle_input: Got None from get_input
get_input: Raw key code = -1
get_input: Key -1 did not match any direction, returning None
handle_input: Got None from get_input
get_input: Raw key code = -1
get_input: Key -1 did not match any direction, returning None
handle_input: Got None from get_input
get_input: Raw key code = -1
get_input: Key -1 did not match any direction, returning None
handle_input: Got None from get_input
get_input: Raw key code = -1
get_input: Key -1 did not match any direction, returning None
handle_input: Got None from get_input
get_input: Raw key code = 100
get_input: Recognized key = 100, char = d
get_input: Returning Direction.RIGHT (D key)
handle_input: Input received: Direction.RIGHT, status: GameStatus.PLAYING
get_input: Raw key code = -1
get_input: Key -1 did not match any direction, returning None
handle_input: Got None from get_input
get_input: Raw key code = -1
get_input: Key -1 did not match any direction, returning None
handle_input: Got None from get_input
get_input: Raw key code = 100
get_input: Recognized key = 100, char = d
get_input: Returning Direction.RIGHT (D key)
handle_input: Input received: Direction.RIGHT, status: GameStatus.PLAYING
get_input: Raw key code = -1
get_input: Key -1 did not match any direction, returning None
handle_input: Got None from get_input
get_input: Raw key code = -1
get_input: Key -1 did not match any direction, returning None
handle_input: Got None from get_input
get_input: Raw key code = -1
get_input: Key -1 did not match any direction, returning None
handle_input: Got None from get_input
get_input: Raw key code = -1
get_input: Key -1 did not match any direction, returning None
handle_input: Got None from get_input
get_input: Raw key code = -1
get_input: Key -1 did not match any direction, returning None
handle_input: Got None from get_input
get_input: Raw key code = -1
get_input: Key -1 did not match any direction, returning None
handle_input: Got None from get_input
get_input: Raw key code = -1
get_input: Key -1 did not match any direction, returning None
handle_input: Got None from get_input
get_input: Raw key code = -1
get_input: Key -1 did not match any direction, returning None
handle_input: Got None from get_input
get_input: Raw key code = -1
get_input: Key -1 did not match any direction, returning None
handle_input: Got None from get_input
get_input: Raw key code = -1
get_input: Key -1 did not match any direction, returning None
handle_input: Got None from get_input
get_input: Raw key code = 115
get_input: Recognized key = 115, char = s
get_input: Returning Direction.DOWN (S key)
handle_input: Input received: Direction.DOWN, status: GameStatus.PLAYING
handle_input: Setting direction to Direction.DOWN
get_input: Raw key code = -1
get_input: Key -1 did not match any direction, returning None
handle_input: Got None from get_input
get_input: Raw key code = -1
get_input: Key -1 did not match any direction, returning None
handle_input: Got None from get_input
get_input: Raw key code = -1
get_input: Key -1 did not match any direction, returning None
handle_input: Got None from get_input
get_input: Raw key code = -1
get_input: Key -1 did not match any direction, returning None
handle_input: Got None from get_input
get_input: Raw key code = -1
get_input: Key -1 did not match any direction, returning None
handle_input: Got None from get_input
get_input: Raw key code = -1
get_input: Key -1 did not match any direction, returning None
handle_input: Got None from get_input
get_input: Raw key code = -1
get_input: Key -1 did not match any direction, returning None
handle_input: Got None from get_input
get_input: Raw key code = -1
get_input: Key -1 did not match any direction, returning None
handle_input: Got None from get_input
get_input: Raw key code = -1
get_input: Key -1 did not match any direction, returning None
handle_input: Got None from get_input
get_input: Raw key code = 97
get_input: Recognized key = 97, char = a
get_input: Returning Direction.LEFT (A key)
handle_input: Input received: Direction.LEFT, status: GameStatus.PLAYING
handle_input: Setting direction to Direction.LEFT
get_input: Raw key code = -1
get_input: Key -1 did not match any direction, returning None
handle_input: Got None from get_input
get_input: Raw key code = -1
get_input: Key -1 did not match any direction, returning None
handle_input: Got None from get_input
get_input: Raw key code = -1
get_input: Key -1 did not match any direction, returning None
handle_input: Got None from get_input
get_input: Raw key code = -1
get_input: Key -1 did not match any direction, returning None
handle_input: Got None from get_input
get_input: Raw key code = 119
get_input: Recognized key = 119, char = w
get_input: Returning Direction.UP (W key)
handle_input: Input received: Direction.UP, status: GameStatus.PLAYING
handle_input: Quitting game

